<?xml version="1.0" encoding="UTF-8"?>
<testsuite xmlns:xsi="http://www.w3.org/2001/XMLSchema-instance" xsi:noNamespaceSchemaLocation="https://maven.apache.org/surefire/maven-surefire-plugin/xsd/surefire-test-report.xsd" name="PaymentGatewayServiceTest" time="4.853" tests="2" errors="0" skipped="0" failures="0">
  <properties>
[...]
</properties>
  <testcase name="testProcessPaymentSuccess" classname="PaymentGatewayServiceTest" time="2.829"/>
  <testcase name="testProcessRefundSuccess" classname="PaymentGatewayServiceTest" time="2.014"/>
</testsuite>